<?xml version="1.0" ?>
<coverage branch-rate="0" branches-covered="0" branches-valid="0" complexity="0" line-rate="0.6182" lines-covered="34" lines-valid="55" timestamp="1588943001588" version="5.0.4">
	<!-- Generated by coverage.py: https://coverage.readthedocs.io -->
	<!-- Based on https://raw.githubusercontent.com/cobertura/web/master/htdocs/xml/coverage-04.dtd -->
	<sources>
		<source>/Users/andrey/sites/hexlet/python-project-lvl2/gendiff</source>
	</sources>
	<packages>
		<package branch-rate="0" complexity="0" line-rate="0.2308" name=".">
			<classes>
				<class branch-rate="0" complexity="0" filename="__init__.py" line-rate="1" name="__init__.py">
					<methods/>
					<lines>
						<line hits="1" number="3"/>
						<line hits="1" number="5"/>
						<line hits="1" number="7"/>
					</lines>
				</class>
				<class branch-rate="0" complexity="0" filename="cli.py" line-rate="0" name="cli.py">
					<methods/>
					<lines>
						<line hits="0" number="3"/>
						<line hits="0" number="5"/>
						<line hits="0" number="8"/>
						<line hits="0" number="10"/>
						<line hits="0" number="14"/>
						<line hits="0" number="18"/>
						<line hits="0" number="22"/>
						<line hits="0" number="29"/>
						<line hits="0" number="32"/>
						<line hits="0" number="34"/>
					</lines>
				</class>
			</classes>
		</package>
		<package branch-rate="0" complexity="0" line-rate="0.7381" name="scripts">
			<classes>
				<class branch-rate="0" complexity="0" filename="scripts/__init__.py" line-rate="1" name="__init__.py">
					<methods/>
					<lines>
						<line hits="1" number="3"/>
					</lines>
				</class>
				<class branch-rate="0" complexity="0" filename="scripts/engine.py" line-rate="1" name="engine.py">
					<methods/>
					<lines>
						<line hits="1" number="3"/>
						<line hits="1" number="5"/>
						<line hits="1" number="8"/>
						<line hits="1" number="9"/>
						<line hits="1" number="10"/>
						<line hits="1" number="11"/>
						<line hits="1" number="12"/>
						<line hits="1" number="13"/>
						<line hits="1" number="14"/>
						<line hits="1" number="19"/>
						<line hits="1" number="27"/>
						<line hits="1" number="34"/>
						<line hits="1" number="35"/>
						<line hits="1" number="42"/>
						<line hits="1" number="45"/>
						<line hits="1" number="47"/>
						<line hits="1" number="48"/>
						<line hits="1" number="49"/>
					</lines>
				</class>
				<class branch-rate="0" complexity="0" filename="scripts/gendiff.py" line-rate="0" name="gendiff.py">
					<methods/>
					<lines>
						<line hits="0" number="3"/>
						<line hits="0" number="5"/>
						<line hits="0" number="8"/>
						<line hits="0" number="10"/>
						<line hits="0" number="11"/>
						<line hits="0" number="17"/>
						<line hits="0" number="18"/>
					</lines>
				</class>
				<class branch-rate="0" complexity="0" filename="scripts/io.py" line-rate="0.75" name="io.py">
					<methods/>
					<lines>
						<line hits="1" number="3"/>
						<line hits="1" number="5"/>
						<line hits="1" number="7"/>
						<line hits="1" number="10"/>
						<line hits="1" number="12"/>
						<line hits="1" number="13"/>
						<line hits="1" number="16"/>
						<line hits="0" number="18"/>
						<line hits="0" number="19"/>
						<line hits="1" number="22"/>
						<line hits="1" number="24"/>
						<line hits="1" number="25"/>
						<line hits="1" number="26"/>
						<line hits="0" number="27"/>
						<line hits="0" number="28"/>
						<line hits="1" number="29"/>
					</lines>
				</class>
			</classes>
		</package>
	</packages>
</coverage>
